  ZZ_pXFactoring.cpp
  ZZ_pXCharPoly.cpp
  ZZ_pX1.cpp
  ZZ_pX.cpp
  ZZ_pEXFactoring.cpp
  ZZ_pEX.cpp
  ZZ_pE.cpp
  ZZ_p.cpp
  ZZXFactoring.cpp
ZZXFactoring.cpp(1280): warning C4146: unary minus operator applied to unsigned type, result still unsigned
ZZXFactoring.cpp(1282): warning C4146: unary minus operator applied to unsigned type, result still unsigned
  ZZXCharPoly.cpp
  ZZX1.cpp
  ZZX.cpp
  ZZVec.cpp
  ZZ.cpp
ZZ.cpp(345): warning C4146: unary minus operator applied to unsigned type, result still unsigned
ZZ.cpp(610): warning C4146: unary minus operator applied to unsigned type, result still unsigned
ZZ.cpp(628): warning C4146: unary minus operator applied to unsigned type, result still unsigned
ZZ.cpp(1673): warning C4244: '=': conversion from 'long' to 'unsigned char', possible loss of data
  xdouble.cpp
  WordVector.cpp
  vec_ZZ_pE.cpp
  vec_ZZ_p.cpp
  vec_ZZ.cpp
  vec_RR.cpp
  Generating Code...
  Compiling...
  vec_lzz_pE.cpp
  vec_lzz_p.cpp
  vec_GF2E.cpp
  vec_GF2.cpp
  tools.cpp
  thread.cpp
  RR.cpp
  quad_float.cpp
quad_float.cpp(576): warning C4146: unary minus operator applied to unsigned type, result still unsigned
  mat_ZZ_pE.cpp
  mat_ZZ_p.cpp
  mat_ZZ.cpp
  mat_RR.cpp
  mat_poly_ZZ_p.cpp
  mat_poly_ZZ.cpp
  mat_poly_lzz_p.cpp
  mat_lzz_pE.cpp
  mat_lzz_p.cpp
  mat_GF2E.cpp
  mat_GF2.cpp
  lzz_pXFactoring.cpp
  Generating Code...
  Compiling...
  lzz_pXCharPoly.cpp
  lzz_pX1.cpp
  lzz_pX.cpp
  lzz_pEXFactoring.cpp
  lzz_pEX.cpp
  lzz_pE.cpp
  lzz_p.cpp
  LLL_XD.cpp
  LLL_RR.cpp
  LLL_QP.cpp
  LLL_FP.cpp
  LLL.cpp
  lip.cpp
d:\onedrive - ptuk.edu.ps\research\rcpkc speed\ntl\rcpkc\src\c_lip_impl.h(1763): warning C4146: unary minus operator applied to unsigned type, result still unsigned
d:\onedrive - ptuk.edu.ps\research\rcpkc speed\ntl\rcpkc\src\c_lip_impl.h(1811): warning C4146: unary minus operator applied to unsigned type, result still unsigned
d:\onedrive - ptuk.edu.ps\research\rcpkc speed\ntl\rcpkc\src\c_lip_impl.h(1896): warning C4146: unary minus operator applied to unsigned type, result still unsigned
d:\onedrive - ptuk.edu.ps\research\rcpkc speed\ntl\rcpkc\src\c_lip_impl.h(5582): warning C4146: unary minus operator applied to unsigned type, result still unsigned
d:\onedrive - ptuk.edu.ps\research\rcpkc speed\ntl\rcpkc\src\c_lip_impl.h(5635): warning C4101: 'c': unreferenced local variable
d:\onedrive - ptuk.edu.ps\research\rcpkc speed\ntl\rcpkc\src\c_lip_impl.h(5780): warning C4146: unary minus operator applied to unsigned type, result still unsigned
  HNF.cpp
  G_LLL_XD.cpp
  G_LLL_RR.cpp
  G_LLL_QP.cpp
  G_LLL_FP.cpp
  GF2XVec.cpp
  GF2XFactoring.cpp
  Generating Code...
  Compiling...
  GF2X1.cpp
  GF2X.cpp
  GF2EXFactoring.cpp
  GF2EX.cpp
  GF2E.cpp
  GF2.cpp
  GetTime.cpp
  GetPID.cpp
  fileio.cpp
fileio.cpp(60): warning C4996: 'strcpy': This function or variable may be unsafe. Consider using strcpy_s instead. To disable deprecation, use _CRT_SECURE_NO_WARNINGS. See online help for details.
  C:\Program Files (x86)\Windows Kits\10\Include\10.0.10240.0\ucrt\string.h(119): note: see declaration of 'strcpy'
fileio.cpp(118): warning C4244: 'initializing': conversion from 'time_t' to 'unsigned long', possible loss of data
  FFT.cpp
FFT.cpp(368): warning C4101: 'j': unreferenced local variable
FFT.cpp(389): warning C4101: 'j': unreferenced local variable
FFT.cpp(389): warning C4101: 'i': unreferenced local variable
FFT.cpp(435): warning C4101: 'j': unreferenced local variable
FFT.cpp(456): warning C4101: 'j': unreferenced local variable
FFT.cpp(456): warning C4101: 'i': unreferenced local variable
  FacVec.cpp
  ctools.cpp
  Generating Code...
  NTL.vcxproj -> D:\OneDrive - ptuk.edu.ps\Research\RCPKC Speed\NTL\RCPKC\src\Debug\NTL.lib
